{
  "stats": {
    "suites": 4,
    "tests": 3,
    "passes": 3,
    "pending": 0,
    "failures": 0,
    "start": "2026-03-25T01:57:51.593Z",
    "end": "2026-03-25T01:57:51.692Z",
    "duration": 99,
    "testsRegistered": 3,
    "passPercent": 100,
    "pendingPercent": 0,
    "other": 0,
    "hasOther": false,
    "skipped": 0,
    "hasSkipped": false
  },
  "results": [
    {
      "uuid": "5fda7be3-c151-4b99-95ec-98b3ba7d5cd0",
      "title": "",
      "fullFile": "",
      "file": "",
      "beforeHooks": [],
      "afterHooks": [],
      "tests": [],
      "suites": [
        {
          "uuid": "746da0bf-dceb-4d93-b061-f97c4c5d5e1d",
          "title": "Login",
          "fullFile": "C:\\Projetos\\banco-api-tests\\test\\login.test.js",
          "file": "\\test\\login.test.js",
          "beforeHooks": [],
          "afterHooks": [],
          "tests": [],
          "suites": [
            {
              "uuid": "8e1546d2-d835-4805-b348-b92193e7c77d",
              "title": "POST /login",
              "fullFile": "C:\\Projetos\\banco-api-tests\\test\\login.test.js",
              "file": "\\test\\login.test.js",
              "beforeHooks": [],
              "afterHooks": [],
              "tests": [
                {
                  "title": "Deve retornar 200 com un token em string quando usar credenciais válidas",
                  "fullTitle": "Login POST /login Deve retornar 200 com un token em string quando usar credenciais válidas",
                  "timedOut": false,
                  "duration": 37,
                  "state": "passed",
                  "speed": "fast",
                  "pass": true,
                  "fail": false,
                  "pending": false,
                  "context": null,
                  "code": "//Define o teste que espera um status 200 e um token em string ao usar credenciais válidas\n           const resposta = await request('http://localhost:3000') //Faz uma requisição HTTP para o servidor local na porta 3000\n               .post('/login') //Especifica que a requisição é do tipo POST para a rota /login\n               .set('Content-Type', 'application/json') //Define o cabeçalho da requisição para indicar que o corpo da requisição é do tipo JSON\n               .send({ //Envia o corpo da requisição com as credenciais de login\n                   \"username\": 'julio.lima', //Define o nome de usuário para login\n                   \"senha\": '123456' //Define a senha para login\n               })\n\n           expect(resposta.status).to.equal(200); //Verifica se o status da resposta é igual a 200, indicando sucesso\n           expect(resposta.body.token).to.be.a('string'); //Verifica se o token retornado no corpo da resposta é do tipo string, indicando que um token válido foi recebido",
                  "err": {},
                  "uuid": "a5b776b4-8217-41eb-af1f-5993bf58314b",
                  "parentUUID": "8e1546d2-d835-4805-b348-b92193e7c77d",
                  "isHook": false,
                  "skipped": false
                }
              ],
              "suites": [],
              "passes": [
                "a5b776b4-8217-41eb-af1f-5993bf58314b"
              ],
              "failures": [],
              "pending": [],
              "skipped": [],
              "duration": 37,
              "root": false,
              "rootEmpty": false,
              "_timeout": 200000
            }
          ],
          "passes": [],
          "failures": [],
          "pending": [],
          "skipped": [],
          "duration": 0,
          "root": false,
          "rootEmpty": false,
          "_timeout": 200000
        },
        {
          "uuid": "fe4bdeac-2be5-4dfa-8300-5389b988040e",
          "title": "Transferencias",
          "fullFile": "C:\\Projetos\\banco-api-tests\\test\\transferencia.test.js",
          "file": "\\test\\transferencia.test.js",
          "beforeHooks": [],
          "afterHooks": [],
          "tests": [],
          "suites": [
            {
              "uuid": "f0ec1b4e-f5a6-446e-9181-3eb379091d95",
              "title": "POST /transferencias",
              "fullFile": "C:\\Projetos\\banco-api-tests\\test\\transferencia.test.js",
              "file": "\\test\\transferencia.test.js",
              "beforeHooks": [],
              "afterHooks": [],
              "tests": [
                {
                  "title": "Deve retornar sucesso com 201 quando o valor da transferencia for igual ou acima de R$ 10,00",
                  "fullTitle": "Transferencias POST /transferencias Deve retornar sucesso com 201 quando o valor da transferencia for igual ou acima de R$ 10,00",
                  "timedOut": false,
                  "duration": 34,
                  "state": "passed",
                  "speed": "fast",
                  "pass": true,
                  "fail": false,
                  "pending": false,
                  "context": null,
                  "code": "const respostaLogin = await request('http://localhost:3000') //Faz uma requisição HTTP para o servidor local na porta 3000\n    .post('/login') //Especifica que a requisição é do tipo POST para a rota /login\n    .set('Content-Type', 'application/json') //Define o cabeçalho da requisição para indicar que o corpo da requisição é do tipo JSON\n    .send({ //Envia o corpo da requisição com as credenciais de login\n        \"username\": 'julio.lima', //Define o nome de usuário para login\n        \"senha\": '123456' //Define a senha para login\n    })\nconst token = respostaLogin.body.token // Armazena o token retornado no corpo da resposta do login\nconst resposta = await request('http://localhost:3000') //Faz uma requisição HTTP para o servidor local na porta 3000\n    .post('/transferencias') //Especifica que a requisição é do tipo POST para a rota /transferencias\n    .set('Content-Type', 'application/json') //Define o cabeçalho da requisição para indicar que o corpo da requisição é do tipo JSON\n    .set('Authorization', `Bearer ${token}`) // \n    .send({ //Envia o corpo da requisição com os detalhes da transferência\n        contaOrigem: 1,\n        contaDestino: 2,\n        valor: 11,\n        token: \"\"\n    })\nexpect(resposta.status).to.equal(201); \nconsole.log(resposta.body)",
                  "err": {},
                  "uuid": "6c368389-57a8-45a2-98d7-1dec896fcbd3",
                  "parentUUID": "f0ec1b4e-f5a6-446e-9181-3eb379091d95",
                  "isHook": false,
                  "skipped": false
                },
                {
                  "title": "Deve retornar falha com 422 quando o valor da transferencia for abaixo de R$ 10,00",
                  "fullTitle": "Transferencias POST /transferencias Deve retornar falha com 422 quando o valor da transferencia for abaixo de R$ 10,00",
                  "timedOut": false,
                  "duration": 13,
                  "state": "passed",
                  "speed": "fast",
                  "pass": true,
                  "fail": false,
                  "pending": false,
                  "context": null,
                  "code": "const respostaLogin = await request('http://localhost:3000') \n    .post('/login') \n    .set('Content-Type', 'application/json') \n    .send({ \n        \"username\": 'julio.lima', \n        \"senha\": '123456' \n    })\n    \nconst token = respostaLogin.body.token \nconst resposta = await request('http://localhost:3000') \n    .post('/transferencias') \n    .set('Content-Type', 'application/json') \n    .set('Authorization', `Bearer ${token}`) \n    .send({\n        contaOrigem: 1,\n        contaDestino: 2,\n        valor: 7,\n        token: \"\"\n    })\nexpect(resposta.status).to.equal(422);",
                  "err": {},
                  "uuid": "3720c814-3f01-4007-9083-5a72f5e33d87",
                  "parentUUID": "f0ec1b4e-f5a6-446e-9181-3eb379091d95",
                  "isHook": false,
                  "skipped": false
                }
              ],
              "suites": [],
              "passes": [
                "6c368389-57a8-45a2-98d7-1dec896fcbd3",
                "3720c814-3f01-4007-9083-5a72f5e33d87"
              ],
              "failures": [],
              "pending": [],
              "skipped": [],
              "duration": 47,
              "root": false,
              "rootEmpty": false,
              "_timeout": 200000
            }
          ],
          "passes": [],
          "failures": [],
          "pending": [],
          "skipped": [],
          "duration": 0,
          "root": false,
          "rootEmpty": false,
          "_timeout": 200000
        }
      ],
      "passes": [],
      "failures": [],
      "pending": [],
      "skipped": [],
      "duration": 0,
      "root": true,
      "rootEmpty": true,
      "_timeout": 200000
    }
  ],
  "meta": {
    "mocha": {
      "version": "11.7.5"
    },
    "mochawesome": {
      "options": {
        "quiet": false,
        "reportFilename": "mochawesome",
        "saveHtml": true,
        "saveJson": true,
        "consoleReporter": "spec",
        "useInlineDiffs": false,
        "code": true
      },
      "version": "7.1.4"
    },
    "marge": {
      "options": null,
      "version": "6.3.2"
    }
  }
}